[0.270s] DEBUG:colcon:Command line arguments: ['/usr/bin/colcon', 'build']
[0.270s] DEBUG:colcon:Parsed command line arguments: Namespace(log_base=None, log_level=None, verb_name='build', build_base='build', install_base='install', merge_install=False, symlink_install=False, test_result_base=None, continue_on_error=False, executor='parallel', parallel_workers=4, event_handlers=None, ignore_user_meta=False, metas=['./colcon.meta'], base_paths=['.'], packages_ignore=None, packages_ignore_regex=None, paths=None, packages_up_to=None, packages_up_to_regex=None, packages_above=None, packages_above_and_dependencies=None, packages_above_depth=None, packages_select_by_dep=None, packages_skip_by_dep=None, packages_skip_up_to=None, packages_select_build_failed=False, packages_skip_build_finished=False, packages_select_test_failures=False, packages_skip_test_passed=False, packages_select=None, packages_skip=None, packages_select_regex=None, packages_skip_regex=None, packages_start=None, packages_end=None, allow_overriding=[], cmake_args=None, cmake_target=None, cmake_target_skip_unavailable=False, cmake_clean_cache=False, cmake_clean_first=False, cmake_force_configure=False, ament_cmake_args=None, catkin_cmake_args=None, catkin_skip_building_tests=False, mixin_files=None, mixin=None, verb_parser=<colcon_mixin.mixin.mixin_argument.MixinArgumentDecorator object at 0x7d28b8f60d60>, verb_extension=<colcon_core.verb.build.BuildVerb object at 0x7d28b8f60730>, main=<bound method BuildVerb.main of <colcon_core.verb.build.BuildVerb object at 0x7d28b8f60730>>, mixin_verb=('build',))
[0.720s] Level 1:colcon.colcon_core.package_discovery:discover_packages(colcon_meta) check parameters
[0.720s] Level 1:colcon.colcon_core.package_discovery:discover_packages(recursive) check parameters
[0.721s] Level 1:colcon.colcon_core.package_discovery:discover_packages(ignore) check parameters
[0.721s] Level 1:colcon.colcon_core.package_discovery:discover_packages(path) check parameters
[0.721s] Level 1:colcon.colcon_core.package_discovery:discover_packages(colcon_meta) discover
[0.721s] Level 1:colcon.colcon_core.package_discovery:discover_packages(recursive) discover
[0.721s] INFO:colcon.colcon_core.package_discovery:Crawling recursively for packages in '/home/petersamaan/ESP32/first_example/micro_ros_espidf_component/examples/local_publisher'
[0.721s] Level 1:colcon.colcon_core.package_identification:_identify(.) by extensions ['ignore', 'ignore_ament_install']
[0.721s] Level 1:colcon.colcon_core.package_identification:_identify(.) by extension 'ignore'
[0.721s] Level 1:colcon.colcon_core.package_identification:_identify(.) by extension 'ignore_ament_install'
[0.721s] Level 1:colcon.colcon_core.package_identification:_identify(.) by extensions ['colcon_pkg']
[0.722s] Level 1:colcon.colcon_core.package_identification:_identify(.) by extension 'colcon_pkg'
[0.722s] Level 1:colcon.colcon_core.package_identification:_identify(.) by extensions ['colcon_meta']
[0.722s] Level 1:colcon.colcon_core.package_identification:_identify(.) by extension 'colcon_meta'
[0.722s] Level 1:colcon.colcon_core.package_identification:_identify(.) by extensions ['ros']
[0.722s] Level 1:colcon.colcon_core.package_identification:_identify(.) by extension 'ros'
[0.745s] Level 1:colcon.colcon_core.package_identification:_identify(.) by extensions ['cmake', 'python']
[0.745s] Level 1:colcon.colcon_core.package_identification:_identify(.) by extension 'cmake'
[0.745s] Level 1:colcon.colcon_core.package_identification:_identify(.) by extension 'python'
[0.746s] Level 1:colcon.colcon_core.package_identification:_identify(.) by extensions ['python_setup_py']
[0.746s] Level 1:colcon.colcon_core.package_identification:_identify(.) by extension 'python_setup_py'
[0.746s] Level 1:colcon.colcon_core.package_identification:_identify(build) by extensions ['ignore', 'ignore_ament_install']
[0.746s] Level 1:colcon.colcon_core.package_identification:_identify(build) by extension 'ignore'
[0.746s] Level 1:colcon.colcon_core.package_identification:_identify(build) ignored
[0.746s] Level 1:colcon.colcon_core.package_identification:_identify(install) by extensions ['ignore', 'ignore_ament_install']
[0.746s] Level 1:colcon.colcon_core.package_identification:_identify(install) by extension 'ignore'
[0.747s] Level 1:colcon.colcon_core.package_identification:_identify(install) ignored
[0.747s] Level 1:colcon.colcon_core.package_identification:_identify(log) by extensions ['ignore', 'ignore_ament_install']
[0.747s] Level 1:colcon.colcon_core.package_identification:_identify(log) by extension 'ignore'
[0.747s] Level 1:colcon.colcon_core.package_identification:_identify(log) ignored
[0.747s] Level 1:colcon.colcon_core.package_identification:_identify(src) by extensions ['ignore', 'ignore_ament_install']
[0.747s] Level 1:colcon.colcon_core.package_identification:_identify(src) by extension 'ignore'
[0.747s] Level 1:colcon.colcon_core.package_identification:_identify(src) by extension 'ignore_ament_install'
[0.748s] Level 1:colcon.colcon_core.package_identification:_identify(src) by extensions ['colcon_pkg']
[0.748s] Level 1:colcon.colcon_core.package_identification:_identify(src) by extension 'colcon_pkg'
[0.748s] Level 1:colcon.colcon_core.package_identification:_identify(src) by extensions ['colcon_meta']
[0.748s] Level 1:colcon.colcon_core.package_identification:_identify(src) by extension 'colcon_meta'
[0.748s] Level 1:colcon.colcon_core.package_identification:_identify(src) by extensions ['ros']
[0.748s] Level 1:colcon.colcon_core.package_identification:_identify(src) by extension 'ros'
[0.748s] Level 1:colcon.colcon_core.package_identification:_identify(src) by extensions ['cmake', 'python']
[0.748s] Level 1:colcon.colcon_core.package_identification:_identify(src) by extension 'cmake'
[0.748s] Level 1:colcon.colcon_core.package_identification:_identify(src) by extension 'python'
[0.748s] Level 1:colcon.colcon_core.package_identification:_identify(src) by extensions ['python_setup_py']
[0.748s] Level 1:colcon.colcon_core.package_identification:_identify(src) by extension 'python_setup_py'
[0.749s] Level 1:colcon.colcon_core.package_identification:_identify(src/local_publisher) by extensions ['ignore', 'ignore_ament_install']
[0.749s] Level 1:colcon.colcon_core.package_identification:_identify(src/local_publisher) by extension 'ignore'
[0.749s] Level 1:colcon.colcon_core.package_identification:_identify(src/local_publisher) by extension 'ignore_ament_install'
[0.749s] Level 1:colcon.colcon_core.package_identification:_identify(src/local_publisher) by extensions ['colcon_pkg']
[0.749s] Level 1:colcon.colcon_core.package_identification:_identify(src/local_publisher) by extension 'colcon_pkg'
[0.749s] Level 1:colcon.colcon_core.package_identification:_identify(src/local_publisher) by extensions ['colcon_meta']
[0.749s] Level 1:colcon.colcon_core.package_identification:_identify(src/local_publisher) by extension 'colcon_meta'
[0.749s] Level 1:colcon.colcon_core.package_identification:_identify(src/local_publisher) by extensions ['ros']
[0.749s] Level 1:colcon.colcon_core.package_identification:_identify(src/local_publisher) by extension 'ros'
[0.755s] DEBUG:colcon.colcon_core.package_identification:Package 'src/local_publisher' with type 'ros.ament_cmake' and name 'local_publisher'
[0.755s] Level 1:colcon.colcon_core.package_discovery:discover_packages(recursive) using defaults
[0.755s] Level 1:colcon.colcon_core.package_discovery:discover_packages(ignore) discover
[0.755s] Level 1:colcon.colcon_core.package_discovery:discover_packages(ignore) using defaults
[0.755s] Level 1:colcon.colcon_core.package_discovery:discover_packages(path) discover
[0.755s] Level 1:colcon.colcon_core.package_discovery:discover_packages(path) using defaults
[0.798s] Level 1:colcon.colcon_core.package_discovery:discover_packages(prefix_path) check parameters
[0.798s] Level 1:colcon.colcon_core.package_discovery:discover_packages(prefix_path) discover
[0.825s] DEBUG:colcon.colcon_installed_package_information.package_discovery:Found 3 installed packages in /home/petersamaan/ros2_tut_serv/install
[0.828s] DEBUG:colcon.colcon_installed_package_information.package_discovery:Found 271 installed packages in /opt/ros/humble
[0.832s] Level 1:colcon.colcon_core.package_discovery:discover_packages(prefix_path) using defaults
[0.946s] Level 5:colcon.colcon_core.verb:set package 'local_publisher' build argument 'cmake_args' from command line to 'None'
[0.946s] Level 5:colcon.colcon_core.verb:set package 'local_publisher' build argument 'cmake_target' from command line to 'None'
[0.946s] Level 5:colcon.colcon_core.verb:set package 'local_publisher' build argument 'cmake_target_skip_unavailable' from command line to 'False'
[0.946s] Level 5:colcon.colcon_core.verb:set package 'local_publisher' build argument 'cmake_clean_cache' from command line to 'False'
[0.946s] Level 5:colcon.colcon_core.verb:set package 'local_publisher' build argument 'cmake_clean_first' from command line to 'False'
[0.946s] Level 5:colcon.colcon_core.verb:set package 'local_publisher' build argument 'cmake_force_configure' from command line to 'False'
[0.946s] Level 5:colcon.colcon_core.verb:set package 'local_publisher' build argument 'ament_cmake_args' from command line to 'None'
[0.946s] Level 5:colcon.colcon_core.verb:set package 'local_publisher' build argument 'catkin_cmake_args' from command line to 'None'
[0.946s] Level 5:colcon.colcon_core.verb:set package 'local_publisher' build argument 'catkin_skip_building_tests' from command line to 'False'
[0.946s] DEBUG:colcon.colcon_core.verb:Building package 'local_publisher' with the following arguments: {'ament_cmake_args': None, 'build_base': '/home/petersamaan/ESP32/first_example/micro_ros_espidf_component/examples/local_publisher/build/local_publisher', 'catkin_cmake_args': None, 'catkin_skip_building_tests': False, 'cmake_args': None, 'cmake_clean_cache': False, 'cmake_clean_first': False, 'cmake_force_configure': False, 'cmake_target': None, 'cmake_target_skip_unavailable': False, 'install_base': '/home/petersamaan/ESP32/first_example/micro_ros_espidf_component/examples/local_publisher/install/local_publisher', 'merge_install': False, 'path': '/home/petersamaan/ESP32/first_example/micro_ros_espidf_component/examples/local_publisher/src/local_publisher', 'symlink_install': False, 'test_result_base': None}
[0.946s] INFO:colcon.colcon_core.executor:Executing jobs using 'parallel' executor
[0.948s] DEBUG:colcon.colcon_parallel_executor.executor.parallel:run_until_complete
[0.948s] INFO:colcon.colcon_ros.task.ament_cmake.build:Building ROS package in '/home/petersamaan/ESP32/first_example/micro_ros_espidf_component/examples/local_publisher/src/local_publisher' with build type 'ament_cmake'
[0.948s] INFO:colcon.colcon_cmake.task.cmake.build:Building CMake package in '/home/petersamaan/ESP32/first_example/micro_ros_espidf_component/examples/local_publisher/src/local_publisher'
[0.955s] INFO:colcon.colcon_core.plugin_system:Skipping extension 'colcon_core.shell.bat': Not used on non-Windows systems
[0.955s] INFO:colcon.colcon_core.shell:Skip shell extension 'powershell' for command environment: Not usable outside of PowerShell
[0.955s] DEBUG:colcon.colcon_core.shell:Skip shell extension 'dsv' for command environment
[0.976s] DEBUG:colcon.colcon_core.event_handler.log_command:Invoking command in '/home/petersamaan/ESP32/first_example/micro_ros_espidf_component/examples/local_publisher/build/local_publisher': CMAKE_PREFIX_PATH=${CMAKE_PREFIX_PATH}:/opt/ros/humble /usr/bin/cmake --build /home/petersamaan/ESP32/first_example/micro_ros_espidf_component/examples/local_publisher/build/local_publisher -- -j4 -l4
[9.885s] DEBUG:colcon.colcon_core.event_handler.log_command:Invoked command in '/home/petersamaan/ESP32/first_example/micro_ros_espidf_component/examples/local_publisher/build/local_publisher' returned '0': CMAKE_PREFIX_PATH=${CMAKE_PREFIX_PATH}:/opt/ros/humble /usr/bin/cmake --build /home/petersamaan/ESP32/first_example/micro_ros_espidf_component/examples/local_publisher/build/local_publisher -- -j4 -l4
[9.966s] DEBUG:colcon.colcon_core.event_handler.log_command:Invoking command in '/home/petersamaan/ESP32/first_example/micro_ros_espidf_component/examples/local_publisher/build/local_publisher': CMAKE_PREFIX_PATH=${CMAKE_PREFIX_PATH}:/opt/ros/humble /usr/bin/cmake --install /home/petersamaan/ESP32/first_example/micro_ros_espidf_component/examples/local_publisher/build/local_publisher
[9.998s] Level 1:colcon.colcon_core.environment:create_environment_scripts_only(local_publisher)
[9.999s] DEBUG:colcon.colcon_core.event_handler.log_command:Invoked command in '/home/petersamaan/ESP32/first_example/micro_ros_espidf_component/examples/local_publisher/build/local_publisher' returned '0': CMAKE_PREFIX_PATH=${CMAKE_PREFIX_PATH}:/opt/ros/humble /usr/bin/cmake --install /home/petersamaan/ESP32/first_example/micro_ros_espidf_component/examples/local_publisher/build/local_publisher
[10.008s] Level 1:colcon.colcon_core.environment:checking '/home/petersamaan/ESP32/first_example/micro_ros_espidf_component/examples/local_publisher/install/local_publisher' for CMake module files
[10.009s] Level 1:colcon.colcon_core.environment:checking '/home/petersamaan/ESP32/first_example/micro_ros_espidf_component/examples/local_publisher/install/local_publisher' for CMake config files
[10.010s] Level 1:colcon.colcon_core.shell:create_environment_hook('local_publisher', 'cmake_prefix_path')
[10.010s] INFO:colcon.colcon_core.shell:Creating environment hook '/home/petersamaan/ESP32/first_example/micro_ros_espidf_component/examples/local_publisher/install/local_publisher/share/local_publisher/hook/cmake_prefix_path.ps1'
[10.012s] INFO:colcon.colcon_core.shell:Creating environment descriptor '/home/petersamaan/ESP32/first_example/micro_ros_espidf_component/examples/local_publisher/install/local_publisher/share/local_publisher/hook/cmake_prefix_path.dsv'
[10.012s] INFO:colcon.colcon_core.shell:Creating environment hook '/home/petersamaan/ESP32/first_example/micro_ros_espidf_component/examples/local_publisher/install/local_publisher/share/local_publisher/hook/cmake_prefix_path.sh'
[10.014s] Level 1:colcon.colcon_core.environment:checking '/home/petersamaan/ESP32/first_example/micro_ros_espidf_component/examples/local_publisher/install/local_publisher/lib'
[10.014s] Level 1:colcon.colcon_core.environment:checking '/home/petersamaan/ESP32/first_example/micro_ros_espidf_component/examples/local_publisher/install/local_publisher/bin'
[10.014s] Level 1:colcon.colcon_core.environment:checking '/home/petersamaan/ESP32/first_example/micro_ros_espidf_component/examples/local_publisher/install/local_publisher/lib/pkgconfig/local_publisher.pc'
[10.015s] Level 1:colcon.colcon_core.environment:checking '/home/petersamaan/ESP32/first_example/micro_ros_espidf_component/examples/local_publisher/install/local_publisher/lib/python3.10/site-packages'
[10.015s] Level 1:colcon.colcon_core.environment:checking '/home/petersamaan/ESP32/first_example/micro_ros_espidf_component/examples/local_publisher/install/local_publisher/bin'
[10.016s] INFO:colcon.colcon_core.shell:Creating package script '/home/petersamaan/ESP32/first_example/micro_ros_espidf_component/examples/local_publisher/install/local_publisher/share/local_publisher/package.ps1'
[10.017s] INFO:colcon.colcon_core.shell:Creating package descriptor '/home/petersamaan/ESP32/first_example/micro_ros_espidf_component/examples/local_publisher/install/local_publisher/share/local_publisher/package.dsv'
[10.019s] INFO:colcon.colcon_core.shell:Creating package script '/home/petersamaan/ESP32/first_example/micro_ros_espidf_component/examples/local_publisher/install/local_publisher/share/local_publisher/package.sh'
[10.021s] INFO:colcon.colcon_core.shell:Creating package script '/home/petersamaan/ESP32/first_example/micro_ros_espidf_component/examples/local_publisher/install/local_publisher/share/local_publisher/package.bash'
[10.023s] INFO:colcon.colcon_core.shell:Creating package script '/home/petersamaan/ESP32/first_example/micro_ros_espidf_component/examples/local_publisher/install/local_publisher/share/local_publisher/package.zsh'
[10.025s] Level 1:colcon.colcon_core.environment:create_file_with_runtime_dependencies(/home/petersamaan/ESP32/first_example/micro_ros_espidf_component/examples/local_publisher/install/local_publisher/share/colcon-core/packages/local_publisher)
[10.077s] Level 1:colcon.colcon_core.environment:create_environment_scripts_only(local_publisher)
[10.078s] Level 1:colcon.colcon_core.environment:checking '/home/petersamaan/ESP32/first_example/micro_ros_espidf_component/examples/local_publisher/install/local_publisher' for CMake module files
[10.079s] Level 1:colcon.colcon_core.environment:checking '/home/petersamaan/ESP32/first_example/micro_ros_espidf_component/examples/local_publisher/install/local_publisher' for CMake config files
[10.079s] Level 1:colcon.colcon_core.shell:create_environment_hook('local_publisher', 'cmake_prefix_path')
[10.079s] INFO:colcon.colcon_core.shell:Creating environment hook '/home/petersamaan/ESP32/first_example/micro_ros_espidf_component/examples/local_publisher/install/local_publisher/share/local_publisher/hook/cmake_prefix_path.ps1'
[10.080s] INFO:colcon.colcon_core.shell:Creating environment descriptor '/home/petersamaan/ESP32/first_example/micro_ros_espidf_component/examples/local_publisher/install/local_publisher/share/local_publisher/hook/cmake_prefix_path.dsv'
[10.081s] INFO:colcon.colcon_core.shell:Creating environment hook '/home/petersamaan/ESP32/first_example/micro_ros_espidf_component/examples/local_publisher/install/local_publisher/share/local_publisher/hook/cmake_prefix_path.sh'
[10.081s] Level 1:colcon.colcon_core.environment:checking '/home/petersamaan/ESP32/first_example/micro_ros_espidf_component/examples/local_publisher/install/local_publisher/lib'
[10.082s] Level 1:colcon.colcon_core.environment:checking '/home/petersamaan/ESP32/first_example/micro_ros_espidf_component/examples/local_publisher/install/local_publisher/bin'
[10.082s] Level 1:colcon.colcon_core.environment:checking '/home/petersamaan/ESP32/first_example/micro_ros_espidf_component/examples/local_publisher/install/local_publisher/lib/pkgconfig/local_publisher.pc'
[10.082s] Level 1:colcon.colcon_core.environment:checking '/home/petersamaan/ESP32/first_example/micro_ros_espidf_component/examples/local_publisher/install/local_publisher/lib/python3.10/site-packages'
[10.082s] Level 1:colcon.colcon_core.environment:checking '/home/petersamaan/ESP32/first_example/micro_ros_espidf_component/examples/local_publisher/install/local_publisher/bin'
[10.083s] INFO:colcon.colcon_core.shell:Creating package script '/home/petersamaan/ESP32/first_example/micro_ros_espidf_component/examples/local_publisher/install/local_publisher/share/local_publisher/package.ps1'
[10.084s] INFO:colcon.colcon_core.shell:Creating package descriptor '/home/petersamaan/ESP32/first_example/micro_ros_espidf_component/examples/local_publisher/install/local_publisher/share/local_publisher/package.dsv'
[10.085s] INFO:colcon.colcon_core.shell:Creating package script '/home/petersamaan/ESP32/first_example/micro_ros_espidf_component/examples/local_publisher/install/local_publisher/share/local_publisher/package.sh'
[10.086s] INFO:colcon.colcon_core.shell:Creating package script '/home/petersamaan/ESP32/first_example/micro_ros_espidf_component/examples/local_publisher/install/local_publisher/share/local_publisher/package.bash'
[10.086s] INFO:colcon.colcon_core.shell:Creating package script '/home/petersamaan/ESP32/first_example/micro_ros_espidf_component/examples/local_publisher/install/local_publisher/share/local_publisher/package.zsh'
[10.087s] Level 1:colcon.colcon_core.environment:create_file_with_runtime_dependencies(/home/petersamaan/ESP32/first_example/micro_ros_espidf_component/examples/local_publisher/install/local_publisher/share/colcon-core/packages/local_publisher)
[10.087s] DEBUG:colcon.colcon_parallel_executor.executor.parallel:closing loop
[10.088s] DEBUG:colcon.colcon_parallel_executor.executor.parallel:loop closed
[10.088s] DEBUG:colcon.colcon_parallel_executor.executor.parallel:run_until_complete finished with '0'
[10.088s] DEBUG:colcon.colcon_core.event_reactor:joining thread
[10.107s] INFO:colcon.colcon_core.plugin_system:Skipping extension 'colcon_notification.desktop_notification.terminal_notifier': Not used on non-Darwin systems
[10.107s] INFO:colcon.colcon_core.plugin_system:Skipping extension 'colcon_notification.desktop_notification.win32': Not used on non-Windows systems
[10.108s] INFO:colcon.colcon_notification.desktop_notification:Sending desktop notification using 'notify2'
[10.221s] DEBUG:colcon.colcon_core.event_reactor:joined thread
[10.222s] INFO:colcon.colcon_core.shell:Creating prefix script '/home/petersamaan/ESP32/first_example/micro_ros_espidf_component/examples/local_publisher/install/local_setup.ps1'
[10.224s] INFO:colcon.colcon_core.shell:Creating prefix util module '/home/petersamaan/ESP32/first_example/micro_ros_espidf_component/examples/local_publisher/install/_local_setup_util_ps1.py'
[10.229s] INFO:colcon.colcon_core.shell:Creating prefix chain script '/home/petersamaan/ESP32/first_example/micro_ros_espidf_component/examples/local_publisher/install/setup.ps1'
[10.232s] INFO:colcon.colcon_core.shell:Creating prefix script '/home/petersamaan/ESP32/first_example/micro_ros_espidf_component/examples/local_publisher/install/local_setup.sh'
[10.234s] INFO:colcon.colcon_core.shell:Creating prefix util module '/home/petersamaan/ESP32/first_example/micro_ros_espidf_component/examples/local_publisher/install/_local_setup_util_sh.py'
[10.236s] INFO:colcon.colcon_core.shell:Creating prefix chain script '/home/petersamaan/ESP32/first_example/micro_ros_espidf_component/examples/local_publisher/install/setup.sh'
[10.239s] INFO:colcon.colcon_core.shell:Creating prefix script '/home/petersamaan/ESP32/first_example/micro_ros_espidf_component/examples/local_publisher/install/local_setup.bash'
[10.240s] INFO:colcon.colcon_core.shell:Creating prefix chain script '/home/petersamaan/ESP32/first_example/micro_ros_espidf_component/examples/local_publisher/install/setup.bash'
[10.243s] INFO:colcon.colcon_core.shell:Creating prefix script '/home/petersamaan/ESP32/first_example/micro_ros_espidf_component/examples/local_publisher/install/local_setup.zsh'
[10.245s] INFO:colcon.colcon_core.shell:Creating prefix chain script '/home/petersamaan/ESP32/first_example/micro_ros_espidf_component/examples/local_publisher/install/setup.zsh'
