[0.025s] Invoking command in '/home/petersamaan/ESP32/first_example/micro_ros_espidf_component/examples/local_publisher/build/local_publisher': CMAKE_PREFIX_PATH=${CMAKE_PREFIX_PATH}:/opt/ros/humble /usr/bin/cmake --build /home/petersamaan/ESP32/first_example/micro_ros_espidf_component/examples/local_publisher/build/local_publisher -- -j4 -l4
[0.183s] [35m[1mConsolidate compiler generated dependencies of target local_publisher[0m
[0.243s] [100%] Built target local_publisher
[0.266s] Invoked command in '/home/petersamaan/ESP32/first_example/micro_ros_espidf_component/examples/local_publisher/build/local_publisher' returned '0': CMAKE_PREFIX_PATH=${CMAKE_PREFIX_PATH}:/opt/ros/humble /usr/bin/cmake --build /home/petersamaan/ESP32/first_example/micro_ros_espidf_component/examples/local_publisher/build/local_publisher -- -j4 -l4
[0.335s] Invoking command in '/home/petersamaan/ESP32/first_example/micro_ros_espidf_component/examples/local_publisher/build/local_publisher': CMAKE_PREFIX_PATH=${CMAKE_PREFIX_PATH}:/opt/ros/humble /usr/bin/cmake --install /home/petersamaan/ESP32/first_example/micro_ros_espidf_component/examples/local_publisher/build/local_publisher
[0.355s] -- Install configuration: ""
[0.356s] -- Up-to-date: /home/petersamaan/ESP32/first_example/micro_ros_espidf_component/examples/local_publisher/install/local_publisher/lib/local_publisher/local_publisher
[0.356s] -- Up-to-date: /home/petersamaan/ESP32/first_example/micro_ros_espidf_component/examples/local_publisher/install/local_publisher/share/ament_index/resource_index/package_run_dependencies/local_publisher
[0.357s] -- Up-to-date: /home/petersamaan/ESP32/first_example/micro_ros_espidf_component/examples/local_publisher/install/local_publisher/share/ament_index/resource_index/parent_prefix_path/local_publisher
[0.357s] -- Up-to-date: /home/petersamaan/ESP32/first_example/micro_ros_espidf_component/examples/local_publisher/install/local_publisher/share/local_publisher/environment/ament_prefix_path.sh
[0.358s] -- Up-to-date: /home/petersamaan/ESP32/first_example/micro_ros_espidf_component/examples/local_publisher/install/local_publisher/share/local_publisher/environment/ament_prefix_path.dsv
[0.358s] -- Up-to-date: /home/petersamaan/ESP32/first_example/micro_ros_espidf_component/examples/local_publisher/install/local_publisher/share/local_publisher/environment/path.sh
[0.358s] -- Up-to-date: /home/petersamaan/ESP32/first_example/micro_ros_espidf_component/examples/local_publisher/install/local_publisher/share/local_publisher/environment/path.dsv
[0.359s] -- Up-to-date: /home/petersamaan/ESP32/first_example/micro_ros_espidf_component/examples/local_publisher/install/local_publisher/share/local_publisher/local_setup.bash
[0.359s] -- Up-to-date: /home/petersamaan/ESP32/first_example/micro_ros_espidf_component/examples/local_publisher/install/local_publisher/share/local_publisher/local_setup.sh
[0.359s] -- Up-to-date: /home/petersamaan/ESP32/first_example/micro_ros_espidf_component/examples/local_publisher/install/local_publisher/share/local_publisher/local_setup.zsh
[0.359s] -- Up-to-date: /home/petersamaan/ESP32/first_example/micro_ros_espidf_component/examples/local_publisher/install/local_publisher/share/local_publisher/local_setup.dsv
[0.360s] -- Installing: /home/petersamaan/ESP32/first_example/micro_ros_espidf_component/examples/local_publisher/install/local_publisher/share/local_publisher/package.dsv
[0.360s] -- Up-to-date: /home/petersamaan/ESP32/first_example/micro_ros_espidf_component/examples/local_publisher/install/local_publisher/share/ament_index/resource_index/packages/local_publisher
[0.360s] -- Up-to-date: /home/petersamaan/ESP32/first_example/micro_ros_espidf_component/examples/local_publisher/install/local_publisher/share/local_publisher/cmake/local_publisherConfig.cmake
[0.360s] -- Up-to-date: /home/petersamaan/ESP32/first_example/micro_ros_espidf_component/examples/local_publisher/install/local_publisher/share/local_publisher/cmake/local_publisherConfig-version.cmake
[0.361s] -- Up-to-date: /home/petersamaan/ESP32/first_example/micro_ros_espidf_component/examples/local_publisher/install/local_publisher/share/local_publisher/package.xml
[0.363s] Invoked command in '/home/petersamaan/ESP32/first_example/micro_ros_espidf_component/examples/local_publisher/build/local_publisher' returned '0': CMAKE_PREFIX_PATH=${CMAKE_PREFIX_PATH}:/opt/ros/humble /usr/bin/cmake --install /home/petersamaan/ESP32/first_example/micro_ros_espidf_component/examples/local_publisher/build/local_publisher
