[1.640s] DEBUG:colcon:Command line arguments: ['/usr/bin/colcon', 'list', '-p', '--base-paths', '/home/petersamaan/ESP32/first_example/micro_ros_espidf_component/examples/local_publisher']
[1.640s] DEBUG:colcon:Parsed command line arguments: Namespace(log_base=None, log_level=None, verb_name='list', build_base='build', ignore_user_meta=False, metas=['./colcon.meta'], base_paths=['/home/petersamaan/ESP32/first_example/micro_ros_espidf_component/examples/local_publisher'], packages_ignore=None, packages_ignore_regex=None, paths=None, packages_up_to=None, packages_up_to_regex=None, packages_above=None, packages_above_and_dependencies=None, packages_above_depth=None, packages_select_by_dep=None, packages_skip_by_dep=None, packages_skip_up_to=None, packages_select_build_failed=False, packages_skip_build_finished=False, packages_select_test_failures=False, packages_skip_test_passed=False, packages_select=None, packages_skip=None, packages_select_regex=None, packages_skip_regex=None, packages_start=None, packages_end=None, allow_overriding=[], topological_order=False, names_only=False, paths_only=True, topological_graph=False, topological_graph_dot=False, topological_graph_density=False, topological_graph_legend=False, topological_graph_dot_cluster=False, topological_graph_dot_include_skipped=False, mixin_files=None, mixin=None, verb_parser=<colcon_mixin.mixin.mixin_argument.MixinArgumentDecorator object at 0x77d882159f00>, verb_extension=<colcon_package_information.verb.list.ListVerb object at 0x77d882158f70>, main=<bound method ListVerb.main of <colcon_package_information.verb.list.ListVerb object at 0x77d882158f70>>, mixin_verb=('list',))
[4.566s] Level 1:colcon.colcon_core.package_discovery:discover_packages(colcon_meta) check parameters
[4.566s] Level 1:colcon.colcon_core.package_discovery:discover_packages(recursive) check parameters
[4.567s] Level 1:colcon.colcon_core.package_discovery:discover_packages(ignore) check parameters
[4.567s] Level 1:colcon.colcon_core.package_discovery:discover_packages(path) check parameters
[4.567s] Level 1:colcon.colcon_core.package_discovery:discover_packages(recursive) discover
[4.567s] INFO:colcon.colcon_core.package_discovery:Crawling recursively for packages in '/home/petersamaan/ESP32/first_example/micro_ros_espidf_component/examples/local_publisher'
[4.568s] Level 1:colcon.colcon_core.package_identification:_identify(/home/petersamaan/ESP32/first_example/micro_ros_espidf_component/examples/local_publisher) by extensions ['ignore', 'ignore_ament_install']
[4.568s] Level 1:colcon.colcon_core.package_identification:_identify(/home/petersamaan/ESP32/first_example/micro_ros_espidf_component/examples/local_publisher) by extension 'ignore'
[4.569s] Level 1:colcon.colcon_core.package_identification:_identify(/home/petersamaan/ESP32/first_example/micro_ros_espidf_component/examples/local_publisher) by extension 'ignore_ament_install'
[4.569s] Level 1:colcon.colcon_core.package_identification:_identify(/home/petersamaan/ESP32/first_example/micro_ros_espidf_component/examples/local_publisher) by extensions ['colcon_pkg']
[4.569s] Level 1:colcon.colcon_core.package_identification:_identify(/home/petersamaan/ESP32/first_example/micro_ros_espidf_component/examples/local_publisher) by extension 'colcon_pkg'
[4.571s] Level 1:colcon.colcon_core.package_identification:_identify(/home/petersamaan/ESP32/first_example/micro_ros_espidf_component/examples/local_publisher) by extensions ['colcon_meta']
[4.571s] Level 1:colcon.colcon_core.package_identification:_identify(/home/petersamaan/ESP32/first_example/micro_ros_espidf_component/examples/local_publisher) by extension 'colcon_meta'
[4.572s] Level 1:colcon.colcon_core.package_identification:_identify(/home/petersamaan/ESP32/first_example/micro_ros_espidf_component/examples/local_publisher) by extensions ['ros']
[4.572s] Level 1:colcon.colcon_core.package_identification:_identify(/home/petersamaan/ESP32/first_example/micro_ros_espidf_component/examples/local_publisher) by extension 'ros'
[4.745s] Level 1:colcon.colcon_core.package_identification:_identify(/home/petersamaan/ESP32/first_example/micro_ros_espidf_component/examples/local_publisher) by extensions ['cmake', 'python']
[4.745s] Level 1:colcon.colcon_core.package_identification:_identify(/home/petersamaan/ESP32/first_example/micro_ros_espidf_component/examples/local_publisher) by extension 'cmake'
[4.746s] Level 1:colcon.colcon_core.package_identification:_identify(/home/petersamaan/ESP32/first_example/micro_ros_espidf_component/examples/local_publisher) by extension 'python'
[4.746s] Level 1:colcon.colcon_core.package_identification:_identify(/home/petersamaan/ESP32/first_example/micro_ros_espidf_component/examples/local_publisher) by extensions ['python_setup_py']
[4.746s] Level 1:colcon.colcon_core.package_identification:_identify(/home/petersamaan/ESP32/first_example/micro_ros_espidf_component/examples/local_publisher) by extension 'python_setup_py'
[4.752s] Level 1:colcon.colcon_core.package_identification:_identify(/home/petersamaan/ESP32/first_example/micro_ros_espidf_component/examples/local_publisher/log) by extensions ['ignore', 'ignore_ament_install']
[4.753s] Level 1:colcon.colcon_core.package_identification:_identify(/home/petersamaan/ESP32/first_example/micro_ros_espidf_component/examples/local_publisher/log) by extension 'ignore'
[4.753s] Level 1:colcon.colcon_core.package_identification:_identify(/home/petersamaan/ESP32/first_example/micro_ros_espidf_component/examples/local_publisher/log) ignored
[4.754s] Level 1:colcon.colcon_core.package_identification:_identify(/home/petersamaan/ESP32/first_example/micro_ros_espidf_component/examples/local_publisher/src) by extensions ['ignore', 'ignore_ament_install']
[4.755s] Level 1:colcon.colcon_core.package_identification:_identify(/home/petersamaan/ESP32/first_example/micro_ros_espidf_component/examples/local_publisher/src) by extension 'ignore'
[4.755s] Level 1:colcon.colcon_core.package_identification:_identify(/home/petersamaan/ESP32/first_example/micro_ros_espidf_component/examples/local_publisher/src) by extension 'ignore_ament_install'
[4.755s] Level 1:colcon.colcon_core.package_identification:_identify(/home/petersamaan/ESP32/first_example/micro_ros_espidf_component/examples/local_publisher/src) by extensions ['colcon_pkg']
[4.755s] Level 1:colcon.colcon_core.package_identification:_identify(/home/petersamaan/ESP32/first_example/micro_ros_espidf_component/examples/local_publisher/src) by extension 'colcon_pkg'
[4.756s] Level 1:colcon.colcon_core.package_identification:_identify(/home/petersamaan/ESP32/first_example/micro_ros_espidf_component/examples/local_publisher/src) by extensions ['colcon_meta']
[4.756s] Level 1:colcon.colcon_core.package_identification:_identify(/home/petersamaan/ESP32/first_example/micro_ros_espidf_component/examples/local_publisher/src) by extension 'colcon_meta'
[4.756s] Level 1:colcon.colcon_core.package_identification:_identify(/home/petersamaan/ESP32/first_example/micro_ros_espidf_component/examples/local_publisher/src) by extensions ['ros']
[4.756s] Level 1:colcon.colcon_core.package_identification:_identify(/home/petersamaan/ESP32/first_example/micro_ros_espidf_component/examples/local_publisher/src) by extension 'ros'
[4.764s] Level 1:colcon.colcon_core.package_identification:_identify(/home/petersamaan/ESP32/first_example/micro_ros_espidf_component/examples/local_publisher/src) by extensions ['cmake', 'python']
[4.764s] Level 1:colcon.colcon_core.package_identification:_identify(/home/petersamaan/ESP32/first_example/micro_ros_espidf_component/examples/local_publisher/src) by extension 'cmake'
[4.765s] Level 1:colcon.colcon_core.package_identification:_identify(/home/petersamaan/ESP32/first_example/micro_ros_espidf_component/examples/local_publisher/src) by extension 'python'
[4.765s] Level 1:colcon.colcon_core.package_identification:_identify(/home/petersamaan/ESP32/first_example/micro_ros_espidf_component/examples/local_publisher/src) by extensions ['python_setup_py']
[4.765s] Level 1:colcon.colcon_core.package_identification:_identify(/home/petersamaan/ESP32/first_example/micro_ros_espidf_component/examples/local_publisher/src) by extension 'python_setup_py'
[4.771s] Level 1:colcon.colcon_core.package_identification:_identify(/home/petersamaan/ESP32/first_example/micro_ros_espidf_component/examples/local_publisher/src/local_publisher) by extensions ['ignore', 'ignore_ament_install']
[4.775s] Level 1:colcon.colcon_core.package_identification:_identify(/home/petersamaan/ESP32/first_example/micro_ros_espidf_component/examples/local_publisher/src/local_publisher) by extension 'ignore'
[4.775s] Level 1:colcon.colcon_core.package_identification:_identify(/home/petersamaan/ESP32/first_example/micro_ros_espidf_component/examples/local_publisher/src/local_publisher) by extension 'ignore_ament_install'
[4.775s] Level 1:colcon.colcon_core.package_identification:_identify(/home/petersamaan/ESP32/first_example/micro_ros_espidf_component/examples/local_publisher/src/local_publisher) by extensions ['colcon_pkg']
[4.776s] Level 1:colcon.colcon_core.package_identification:_identify(/home/petersamaan/ESP32/first_example/micro_ros_espidf_component/examples/local_publisher/src/local_publisher) by extension 'colcon_pkg'
[4.776s] Level 1:colcon.colcon_core.package_identification:_identify(/home/petersamaan/ESP32/first_example/micro_ros_espidf_component/examples/local_publisher/src/local_publisher) by extensions ['colcon_meta']
[4.776s] Level 1:colcon.colcon_core.package_identification:_identify(/home/petersamaan/ESP32/first_example/micro_ros_espidf_component/examples/local_publisher/src/local_publisher) by extension 'colcon_meta'
[4.776s] Level 1:colcon.colcon_core.package_identification:_identify(/home/petersamaan/ESP32/first_example/micro_ros_espidf_component/examples/local_publisher/src/local_publisher) by extensions ['ros']
[4.777s] Level 1:colcon.colcon_core.package_identification:_identify(/home/petersamaan/ESP32/first_example/micro_ros_espidf_component/examples/local_publisher/src/local_publisher) by extension 'ros'
[4.833s] DEBUG:colcon.colcon_core.package_identification:Package '/home/petersamaan/ESP32/first_example/micro_ros_espidf_component/examples/local_publisher/src/local_publisher' with type 'ros.ament_cmake' and name 'local_publisher'
[4.833s] Level 1:colcon.colcon_core.package_discovery:discover_packages(recursive) using defaults
