[0.022s] Invoking command in '/home/petersamaan/ESP32/first_example/micro_ros_espidf_component/examples/local_publisher/build/local_publisher': CMAKE_PREFIX_PATH=${CMAKE_PREFIX_PATH}:/opt/ros/humble /usr/bin/cmake /home/petersamaan/ESP32/first_example/micro_ros_espidf_component/examples/local_publisher/src/local_publisher -DCMAKE_INSTALL_PREFIX=/home/petersamaan/ESP32/first_example/micro_ros_espidf_component/examples/local_publisher/install/local_publisher
[0.046s] -- Found ament_cmake: 1.3.10 (/opt/ros/humble/share/ament_cmake/cmake)
[0.283s] -- Found rclcpp: 16.0.10 (/opt/ros/humble/share/rclcpp/cmake)
[0.333s] -- Found rosidl_generator_c: 3.1.5 (/opt/ros/humble/share/rosidl_generator_c/cmake)
[0.338s] -- Found rosidl_adapter: 3.1.5 (/opt/ros/humble/share/rosidl_adapter/cmake)
[0.349s] -- Found rosidl_generator_cpp: 3.1.5 (/opt/ros/humble/share/rosidl_generator_cpp/cmake)
[0.368s] -- Using all available rosidl_typesupport_c: rosidl_typesupport_fastrtps_c;rosidl_typesupport_introspection_c
[0.391s] -- Using all available rosidl_typesupport_cpp: rosidl_typesupport_fastrtps_cpp;rosidl_typesupport_introspection_cpp
[0.453s] -- Found rmw_implementation_cmake: 6.1.2 (/opt/ros/humble/share/rmw_implementation_cmake/cmake)
[0.455s] -- Found rmw_fastrtps_cpp: 6.2.7 (/opt/ros/humble/share/rmw_fastrtps_cpp/cmake)
[0.643s] -- Using RMW implementation 'rmw_fastrtps_cpp' as default
[0.746s] -- Found ament_lint_auto: 0.12.11 (/opt/ros/humble/share/ament_lint_auto/cmake)
[0.876s] -- Added test 'cppcheck' to perform static code analysis on C / C++ code
[0.877s] -- Configured cppcheck include dirs: 
[0.877s] -- Configured cppcheck exclude dirs and/or files: 
[0.877s] -- Added test 'lint_cmake' to check CMake code style
[0.879s] -- Added test 'uncrustify' to check C / C++ code style
[0.879s] -- Configured uncrustify additional arguments: 
[0.880s] -- Added test 'xmllint' to check XML markup files
[0.881s] -- Configuring done
[0.886s] [31mCMake Error at CMakeLists.txt:13 (add_executable):
[0.886s]   Cannot find source file:
[0.886s] 
[0.886s]     src/local_publisher.cpp
[0.886s] 
[0.887s]   Tried extensions .c .C .c++ .cc .cpp .cxx .cu .mpp .m .M .mm .ixx .cppm .h
[0.887s]   .hh .h++ .hm .hpp .hxx .in .txx .f .F .for .f77 .f90 .f95 .f03 .hip .ispc
[0.887s] 
[0.887s] [0m
[0.887s] [31mCMake Error at CMakeLists.txt:13 (add_executable):
[0.888s]   No SOURCES given to target: local_publisher
[0.888s] 
[0.888s] [0m
[0.888s] [0mCMake Generate step failed.  Build files cannot be regenerated correctly.[0m
[0.898s] Invoked command in '/home/petersamaan/ESP32/first_example/micro_ros_espidf_component/examples/local_publisher/build/local_publisher' returned '1': CMAKE_PREFIX_PATH=${CMAKE_PREFIX_PATH}:/opt/ros/humble /usr/bin/cmake /home/petersamaan/ESP32/first_example/micro_ros_espidf_component/examples/local_publisher/src/local_publisher -DCMAKE_INSTALL_PREFIX=/home/petersamaan/ESP32/first_example/micro_ros_espidf_component/examples/local_publisher/install/local_publisher
