[0.494s] DEBUG:colcon:Command line arguments: ['/usr/bin/colcon', 'build']
[0.494s] DEBUG:colcon:Parsed command line arguments: Namespace(log_base=None, log_level=None, verb_name='build', build_base='build', install_base='install', merge_install=False, symlink_install=False, test_result_base=None, continue_on_error=False, executor='parallel', parallel_workers=4, event_handlers=None, ignore_user_meta=False, metas=['./colcon.meta'], base_paths=['.'], packages_ignore=None, packages_ignore_regex=None, paths=None, packages_up_to=None, packages_up_to_regex=None, packages_above=None, packages_above_and_dependencies=None, packages_above_depth=None, packages_select_by_dep=None, packages_skip_by_dep=None, packages_skip_up_to=None, packages_select_build_failed=False, packages_skip_build_finished=False, packages_select_test_failures=False, packages_skip_test_passed=False, packages_select=None, packages_skip=None, packages_select_regex=None, packages_skip_regex=None, packages_start=None, packages_end=None, allow_overriding=[], cmake_args=None, cmake_target=None, cmake_target_skip_unavailable=False, cmake_clean_cache=False, cmake_clean_first=False, cmake_force_configure=False, ament_cmake_args=None, catkin_cmake_args=None, catkin_skip_building_tests=False, mixin_files=None, mixin=None, verb_parser=<colcon_mixin.mixin.mixin_argument.MixinArgumentDecorator object at 0x74cb2c464cd0>, verb_extension=<colcon_core.verb.build.BuildVerb object at 0x74cb2c4646a0>, main=<bound method BuildVerb.main of <colcon_core.verb.build.BuildVerb object at 0x74cb2c4646a0>>, mixin_verb=('build',))
[1.302s] Level 1:colcon.colcon_core.package_discovery:discover_packages(colcon_meta) check parameters
[1.303s] Level 1:colcon.colcon_core.package_discovery:discover_packages(recursive) check parameters
[1.303s] Level 1:colcon.colcon_core.package_discovery:discover_packages(ignore) check parameters
[1.303s] Level 1:colcon.colcon_core.package_discovery:discover_packages(path) check parameters
[1.303s] Level 1:colcon.colcon_core.package_discovery:discover_packages(colcon_meta) discover
[1.303s] Level 1:colcon.colcon_core.package_discovery:discover_packages(recursive) discover
[1.304s] INFO:colcon.colcon_core.package_discovery:Crawling recursively for packages in '/home/petersamaan/ESP32/first_example/micro_ros_espidf_component/examples/local_publisher'
[1.304s] Level 1:colcon.colcon_core.package_identification:_identify(.) by extensions ['ignore', 'ignore_ament_install']
[1.304s] Level 1:colcon.colcon_core.package_identification:_identify(.) by extension 'ignore'
[1.305s] Level 1:colcon.colcon_core.package_identification:_identify(.) by extension 'ignore_ament_install'
[1.305s] Level 1:colcon.colcon_core.package_identification:_identify(.) by extensions ['colcon_pkg']
[1.305s] Level 1:colcon.colcon_core.package_identification:_identify(.) by extension 'colcon_pkg'
[1.305s] Level 1:colcon.colcon_core.package_identification:_identify(.) by extensions ['colcon_meta']
[1.305s] Level 1:colcon.colcon_core.package_identification:_identify(.) by extension 'colcon_meta'
[1.306s] Level 1:colcon.colcon_core.package_identification:_identify(.) by extensions ['ros']
[1.306s] Level 1:colcon.colcon_core.package_identification:_identify(.) by extension 'ros'
[1.351s] Level 1:colcon.colcon_core.package_identification:_identify(.) by extensions ['cmake', 'python']
[1.351s] Level 1:colcon.colcon_core.package_identification:_identify(.) by extension 'cmake'
[1.352s] Level 1:colcon.colcon_core.package_identification:_identify(.) by extension 'python'
[1.352s] Level 1:colcon.colcon_core.package_identification:_identify(.) by extensions ['python_setup_py']
[1.352s] Level 1:colcon.colcon_core.package_identification:_identify(.) by extension 'python_setup_py'
[1.352s] Level 1:colcon.colcon_core.package_identification:_identify(build) by extensions ['ignore', 'ignore_ament_install']
[1.353s] Level 1:colcon.colcon_core.package_identification:_identify(build) by extension 'ignore'
[1.353s] Level 1:colcon.colcon_core.package_identification:_identify(build) ignored
[1.353s] Level 1:colcon.colcon_core.package_identification:_identify(install) by extensions ['ignore', 'ignore_ament_install']
[1.354s] Level 1:colcon.colcon_core.package_identification:_identify(install) by extension 'ignore'
[1.354s] Level 1:colcon.colcon_core.package_identification:_identify(install) ignored
[1.354s] Level 1:colcon.colcon_core.package_identification:_identify(log) by extensions ['ignore', 'ignore_ament_install']
[1.355s] Level 1:colcon.colcon_core.package_identification:_identify(log) by extension 'ignore'
[1.355s] Level 1:colcon.colcon_core.package_identification:_identify(log) ignored
[1.355s] Level 1:colcon.colcon_core.package_identification:_identify(src) by extensions ['ignore', 'ignore_ament_install']
[1.356s] Level 1:colcon.colcon_core.package_identification:_identify(src) by extension 'ignore'
[1.356s] Level 1:colcon.colcon_core.package_identification:_identify(src) by extension 'ignore_ament_install'
[1.356s] Level 1:colcon.colcon_core.package_identification:_identify(src) by extensions ['colcon_pkg']
[1.356s] Level 1:colcon.colcon_core.package_identification:_identify(src) by extension 'colcon_pkg'
[1.356s] Level 1:colcon.colcon_core.package_identification:_identify(src) by extensions ['colcon_meta']
[1.357s] Level 1:colcon.colcon_core.package_identification:_identify(src) by extension 'colcon_meta'
[1.357s] Level 1:colcon.colcon_core.package_identification:_identify(src) by extensions ['ros']
[1.357s] Level 1:colcon.colcon_core.package_identification:_identify(src) by extension 'ros'
[1.357s] Level 1:colcon.colcon_core.package_identification:_identify(src) by extensions ['cmake', 'python']
[1.358s] Level 1:colcon.colcon_core.package_identification:_identify(src) by extension 'cmake'
[1.358s] Level 1:colcon.colcon_core.package_identification:_identify(src) by extension 'python'
[1.358s] Level 1:colcon.colcon_core.package_identification:_identify(src) by extensions ['python_setup_py']
[1.358s] Level 1:colcon.colcon_core.package_identification:_identify(src) by extension 'python_setup_py'
[1.359s] Level 1:colcon.colcon_core.package_identification:_identify(src/local_publisher) by extensions ['ignore', 'ignore_ament_install']
[1.359s] Level 1:colcon.colcon_core.package_identification:_identify(src/local_publisher) by extension 'ignore'
[1.360s] Level 1:colcon.colcon_core.package_identification:_identify(src/local_publisher) by extension 'ignore_ament_install'
[1.360s] Level 1:colcon.colcon_core.package_identification:_identify(src/local_publisher) by extensions ['colcon_pkg']
[1.360s] Level 1:colcon.colcon_core.package_identification:_identify(src/local_publisher) by extension 'colcon_pkg'
[1.360s] Level 1:colcon.colcon_core.package_identification:_identify(src/local_publisher) by extensions ['colcon_meta']
[1.360s] Level 1:colcon.colcon_core.package_identification:_identify(src/local_publisher) by extension 'colcon_meta'
[1.361s] Level 1:colcon.colcon_core.package_identification:_identify(src/local_publisher) by extensions ['ros']
[1.361s] Level 1:colcon.colcon_core.package_identification:_identify(src/local_publisher) by extension 'ros'
[1.370s] DEBUG:colcon.colcon_core.package_identification:Package 'src/local_publisher' with type 'ros.ament_cmake' and name 'local_publisher'
[1.370s] Level 1:colcon.colcon_core.package_discovery:discover_packages(recursive) using defaults
[1.371s] Level 1:colcon.colcon_core.package_discovery:discover_packages(ignore) discover
[1.371s] Level 1:colcon.colcon_core.package_discovery:discover_packages(ignore) using defaults
[1.371s] Level 1:colcon.colcon_core.package_discovery:discover_packages(path) discover
[1.371s] Level 1:colcon.colcon_core.package_discovery:discover_packages(path) using defaults
[1.462s] Level 1:colcon.colcon_core.package_discovery:discover_packages(prefix_path) check parameters
[1.463s] Level 1:colcon.colcon_core.package_discovery:discover_packages(prefix_path) discover
[1.500s] DEBUG:colcon.colcon_installed_package_information.package_discovery:Found 3 installed packages in /home/petersamaan/ros2_tut_serv/install
[1.507s] DEBUG:colcon.colcon_installed_package_information.package_discovery:Found 271 installed packages in /opt/ros/humble
[1.514s] Level 1:colcon.colcon_core.package_discovery:discover_packages(prefix_path) using defaults
[1.709s] Level 5:colcon.colcon_core.verb:set package 'local_publisher' build argument 'cmake_args' from command line to 'None'
[1.709s] Level 5:colcon.colcon_core.verb:set package 'local_publisher' build argument 'cmake_target' from command line to 'None'
[1.709s] Level 5:colcon.colcon_core.verb:set package 'local_publisher' build argument 'cmake_target_skip_unavailable' from command line to 'False'
[1.709s] Level 5:colcon.colcon_core.verb:set package 'local_publisher' build argument 'cmake_clean_cache' from command line to 'False'
[1.709s] Level 5:colcon.colcon_core.verb:set package 'local_publisher' build argument 'cmake_clean_first' from command line to 'False'
[1.709s] Level 5:colcon.colcon_core.verb:set package 'local_publisher' build argument 'cmake_force_configure' from command line to 'False'
[1.709s] Level 5:colcon.colcon_core.verb:set package 'local_publisher' build argument 'ament_cmake_args' from command line to 'None'
[1.709s] Level 5:colcon.colcon_core.verb:set package 'local_publisher' build argument 'catkin_cmake_args' from command line to 'None'
[1.709s] Level 5:colcon.colcon_core.verb:set package 'local_publisher' build argument 'catkin_skip_building_tests' from command line to 'False'
[1.710s] DEBUG:colcon.colcon_core.verb:Building package 'local_publisher' with the following arguments: {'ament_cmake_args': None, 'build_base': '/home/petersamaan/ESP32/first_example/micro_ros_espidf_component/examples/local_publisher/build/local_publisher', 'catkin_cmake_args': None, 'catkin_skip_building_tests': False, 'cmake_args': None, 'cmake_clean_cache': False, 'cmake_clean_first': False, 'cmake_force_configure': False, 'cmake_target': None, 'cmake_target_skip_unavailable': False, 'install_base': '/home/petersamaan/ESP32/first_example/micro_ros_espidf_component/examples/local_publisher/install/local_publisher', 'merge_install': False, 'path': '/home/petersamaan/ESP32/first_example/micro_ros_espidf_component/examples/local_publisher/src/local_publisher', 'symlink_install': False, 'test_result_base': None}
[1.710s] INFO:colcon.colcon_core.executor:Executing jobs using 'parallel' executor
[1.712s] DEBUG:colcon.colcon_parallel_executor.executor.parallel:run_until_complete
[1.713s] INFO:colcon.colcon_ros.task.ament_cmake.build:Building ROS package in '/home/petersamaan/ESP32/first_example/micro_ros_espidf_component/examples/local_publisher/src/local_publisher' with build type 'ament_cmake'
[1.713s] INFO:colcon.colcon_cmake.task.cmake.build:Building CMake package in '/home/petersamaan/ESP32/first_example/micro_ros_espidf_component/examples/local_publisher/src/local_publisher'
[1.720s] INFO:colcon.colcon_core.plugin_system:Skipping extension 'colcon_core.shell.bat': Not used on non-Windows systems
[1.721s] INFO:colcon.colcon_core.shell:Skip shell extension 'powershell' for command environment: Not usable outside of PowerShell
[1.721s] DEBUG:colcon.colcon_core.shell:Skip shell extension 'dsv' for command environment
[1.753s] DEBUG:colcon.colcon_core.event_handler.log_command:Invoking command in '/home/petersamaan/ESP32/first_example/micro_ros_espidf_component/examples/local_publisher/build/local_publisher': CMAKE_PREFIX_PATH=${CMAKE_PREFIX_PATH}:/opt/ros/humble /usr/bin/cmake /home/petersamaan/ESP32/first_example/micro_ros_espidf_component/examples/local_publisher/src/local_publisher -DCMAKE_INSTALL_PREFIX=/home/petersamaan/ESP32/first_example/micro_ros_espidf_component/examples/local_publisher/install/local_publisher
[3.658s] DEBUG:colcon.colcon_core.event_handler.log_command:Invoked command in '/home/petersamaan/ESP32/first_example/micro_ros_espidf_component/examples/local_publisher/build/local_publisher' returned '0': CMAKE_PREFIX_PATH=${CMAKE_PREFIX_PATH}:/opt/ros/humble /usr/bin/cmake /home/petersamaan/ESP32/first_example/micro_ros_espidf_component/examples/local_publisher/src/local_publisher -DCMAKE_INSTALL_PREFIX=/home/petersamaan/ESP32/first_example/micro_ros_espidf_component/examples/local_publisher/install/local_publisher
[3.660s] DEBUG:colcon.colcon_core.event_handler.log_command:Invoking command in '/home/petersamaan/ESP32/first_example/micro_ros_espidf_component/examples/local_publisher/build/local_publisher': CMAKE_PREFIX_PATH=${CMAKE_PREFIX_PATH}:/opt/ros/humble /usr/bin/cmake --build /home/petersamaan/ESP32/first_example/micro_ros_espidf_component/examples/local_publisher/build/local_publisher -- -j4 -l4
[14.409s] DEBUG:colcon.colcon_core.event_handler.log_command:Invoked command in '/home/petersamaan/ESP32/first_example/micro_ros_espidf_component/examples/local_publisher/build/local_publisher' returned '0': CMAKE_PREFIX_PATH=${CMAKE_PREFIX_PATH}:/opt/ros/humble /usr/bin/cmake --build /home/petersamaan/ESP32/first_example/micro_ros_espidf_component/examples/local_publisher/build/local_publisher -- -j4 -l4
[14.483s] DEBUG:colcon.colcon_core.event_handler.log_command:Invoking command in '/home/petersamaan/ESP32/first_example/micro_ros_espidf_component/examples/local_publisher/build/local_publisher': CMAKE_PREFIX_PATH=${CMAKE_PREFIX_PATH}:/opt/ros/humble /usr/bin/cmake --install /home/petersamaan/ESP32/first_example/micro_ros_espidf_component/examples/local_publisher/build/local_publisher
[14.510s] Level 1:colcon.colcon_core.environment:create_environment_scripts_only(local_publisher)
[14.512s] DEBUG:colcon.colcon_core.event_handler.log_command:Invoked command in '/home/petersamaan/ESP32/first_example/micro_ros_espidf_component/examples/local_publisher/build/local_publisher' returned '0': CMAKE_PREFIX_PATH=${CMAKE_PREFIX_PATH}:/opt/ros/humble /usr/bin/cmake --install /home/petersamaan/ESP32/first_example/micro_ros_espidf_component/examples/local_publisher/build/local_publisher
[14.516s] Level 1:colcon.colcon_core.environment:checking '/home/petersamaan/ESP32/first_example/micro_ros_espidf_component/examples/local_publisher/install/local_publisher' for CMake module files
[14.517s] Level 1:colcon.colcon_core.environment:checking '/home/petersamaan/ESP32/first_example/micro_ros_espidf_component/examples/local_publisher/install/local_publisher' for CMake config files
[14.517s] Level 1:colcon.colcon_core.shell:create_environment_hook('local_publisher', 'cmake_prefix_path')
[14.518s] INFO:colcon.colcon_core.shell:Creating environment hook '/home/petersamaan/ESP32/first_example/micro_ros_espidf_component/examples/local_publisher/install/local_publisher/share/local_publisher/hook/cmake_prefix_path.ps1'
[14.520s] INFO:colcon.colcon_core.shell:Creating environment descriptor '/home/petersamaan/ESP32/first_example/micro_ros_espidf_component/examples/local_publisher/install/local_publisher/share/local_publisher/hook/cmake_prefix_path.dsv'
[14.521s] INFO:colcon.colcon_core.shell:Creating environment hook '/home/petersamaan/ESP32/first_example/micro_ros_espidf_component/examples/local_publisher/install/local_publisher/share/local_publisher/hook/cmake_prefix_path.sh'
[14.524s] Level 1:colcon.colcon_core.environment:checking '/home/petersamaan/ESP32/first_example/micro_ros_espidf_component/examples/local_publisher/install/local_publisher/lib'
[14.524s] Level 1:colcon.colcon_core.environment:checking '/home/petersamaan/ESP32/first_example/micro_ros_espidf_component/examples/local_publisher/install/local_publisher/bin'
[14.525s] Level 1:colcon.colcon_core.environment:checking '/home/petersamaan/ESP32/first_example/micro_ros_espidf_component/examples/local_publisher/install/local_publisher/lib/pkgconfig/local_publisher.pc'
[14.525s] Level 1:colcon.colcon_core.environment:checking '/home/petersamaan/ESP32/first_example/micro_ros_espidf_component/examples/local_publisher/install/local_publisher/lib/python3.10/site-packages'
[14.526s] Level 1:colcon.colcon_core.environment:checking '/home/petersamaan/ESP32/first_example/micro_ros_espidf_component/examples/local_publisher/install/local_publisher/bin'
[14.526s] INFO:colcon.colcon_core.shell:Creating package script '/home/petersamaan/ESP32/first_example/micro_ros_espidf_component/examples/local_publisher/install/local_publisher/share/local_publisher/package.ps1'
[14.528s] INFO:colcon.colcon_core.shell:Creating package descriptor '/home/petersamaan/ESP32/first_example/micro_ros_espidf_component/examples/local_publisher/install/local_publisher/share/local_publisher/package.dsv'
[14.530s] INFO:colcon.colcon_core.shell:Creating package script '/home/petersamaan/ESP32/first_example/micro_ros_espidf_component/examples/local_publisher/install/local_publisher/share/local_publisher/package.sh'
[14.532s] INFO:colcon.colcon_core.shell:Creating package script '/home/petersamaan/ESP32/first_example/micro_ros_espidf_component/examples/local_publisher/install/local_publisher/share/local_publisher/package.bash'
[14.534s] INFO:colcon.colcon_core.shell:Creating package script '/home/petersamaan/ESP32/first_example/micro_ros_espidf_component/examples/local_publisher/install/local_publisher/share/local_publisher/package.zsh'
[14.535s] Level 1:colcon.colcon_core.environment:create_file_with_runtime_dependencies(/home/petersamaan/ESP32/first_example/micro_ros_espidf_component/examples/local_publisher/install/local_publisher/share/colcon-core/packages/local_publisher)
[14.582s] Level 1:colcon.colcon_core.environment:create_environment_scripts_only(local_publisher)
[14.583s] Level 1:colcon.colcon_core.environment:checking '/home/petersamaan/ESP32/first_example/micro_ros_espidf_component/examples/local_publisher/install/local_publisher' for CMake module files
[14.584s] Level 1:colcon.colcon_core.environment:checking '/home/petersamaan/ESP32/first_example/micro_ros_espidf_component/examples/local_publisher/install/local_publisher' for CMake config files
[14.584s] Level 1:colcon.colcon_core.shell:create_environment_hook('local_publisher', 'cmake_prefix_path')
[14.584s] INFO:colcon.colcon_core.shell:Creating environment hook '/home/petersamaan/ESP32/first_example/micro_ros_espidf_component/examples/local_publisher/install/local_publisher/share/local_publisher/hook/cmake_prefix_path.ps1'
[14.585s] INFO:colcon.colcon_core.shell:Creating environment descriptor '/home/petersamaan/ESP32/first_example/micro_ros_espidf_component/examples/local_publisher/install/local_publisher/share/local_publisher/hook/cmake_prefix_path.dsv'
[14.586s] INFO:colcon.colcon_core.shell:Creating environment hook '/home/petersamaan/ESP32/first_example/micro_ros_espidf_component/examples/local_publisher/install/local_publisher/share/local_publisher/hook/cmake_prefix_path.sh'
[14.587s] Level 1:colcon.colcon_core.environment:checking '/home/petersamaan/ESP32/first_example/micro_ros_espidf_component/examples/local_publisher/install/local_publisher/lib'
[14.587s] Level 1:colcon.colcon_core.environment:checking '/home/petersamaan/ESP32/first_example/micro_ros_espidf_component/examples/local_publisher/install/local_publisher/bin'
[14.587s] Level 1:colcon.colcon_core.environment:checking '/home/petersamaan/ESP32/first_example/micro_ros_espidf_component/examples/local_publisher/install/local_publisher/lib/pkgconfig/local_publisher.pc'
[14.588s] Level 1:colcon.colcon_core.environment:checking '/home/petersamaan/ESP32/first_example/micro_ros_espidf_component/examples/local_publisher/install/local_publisher/lib/python3.10/site-packages'
[14.588s] Level 1:colcon.colcon_core.environment:checking '/home/petersamaan/ESP32/first_example/micro_ros_espidf_component/examples/local_publisher/install/local_publisher/bin'
[14.589s] INFO:colcon.colcon_core.shell:Creating package script '/home/petersamaan/ESP32/first_example/micro_ros_espidf_component/examples/local_publisher/install/local_publisher/share/local_publisher/package.ps1'
[14.590s] INFO:colcon.colcon_core.shell:Creating package descriptor '/home/petersamaan/ESP32/first_example/micro_ros_espidf_component/examples/local_publisher/install/local_publisher/share/local_publisher/package.dsv'
[14.591s] INFO:colcon.colcon_core.shell:Creating package script '/home/petersamaan/ESP32/first_example/micro_ros_espidf_component/examples/local_publisher/install/local_publisher/share/local_publisher/package.sh'
[14.592s] INFO:colcon.colcon_core.shell:Creating package script '/home/petersamaan/ESP32/first_example/micro_ros_espidf_component/examples/local_publisher/install/local_publisher/share/local_publisher/package.bash'
[14.593s] INFO:colcon.colcon_core.shell:Creating package script '/home/petersamaan/ESP32/first_example/micro_ros_espidf_component/examples/local_publisher/install/local_publisher/share/local_publisher/package.zsh'
[14.594s] Level 1:colcon.colcon_core.environment:create_file_with_runtime_dependencies(/home/petersamaan/ESP32/first_example/micro_ros_espidf_component/examples/local_publisher/install/local_publisher/share/colcon-core/packages/local_publisher)
[14.594s] DEBUG:colcon.colcon_parallel_executor.executor.parallel:closing loop
[14.595s] DEBUG:colcon.colcon_parallel_executor.executor.parallel:loop closed
[14.595s] DEBUG:colcon.colcon_parallel_executor.executor.parallel:run_until_complete finished with '0'
[14.595s] DEBUG:colcon.colcon_core.event_reactor:joining thread
[14.605s] INFO:colcon.colcon_core.plugin_system:Skipping extension 'colcon_notification.desktop_notification.terminal_notifier': Not used on non-Darwin systems
[14.605s] INFO:colcon.colcon_core.plugin_system:Skipping extension 'colcon_notification.desktop_notification.win32': Not used on non-Windows systems
[14.605s] INFO:colcon.colcon_notification.desktop_notification:Sending desktop notification using 'notify2'
[14.630s] DEBUG:colcon.colcon_core.event_reactor:joined thread
[14.631s] INFO:colcon.colcon_core.shell:Creating prefix script '/home/petersamaan/ESP32/first_example/micro_ros_espidf_component/examples/local_publisher/install/local_setup.ps1'
[14.634s] INFO:colcon.colcon_core.shell:Creating prefix util module '/home/petersamaan/ESP32/first_example/micro_ros_espidf_component/examples/local_publisher/install/_local_setup_util_ps1.py'
[14.638s] INFO:colcon.colcon_core.shell:Creating prefix chain script '/home/petersamaan/ESP32/first_example/micro_ros_espidf_component/examples/local_publisher/install/setup.ps1'
[14.642s] INFO:colcon.colcon_core.shell:Creating prefix script '/home/petersamaan/ESP32/first_example/micro_ros_espidf_component/examples/local_publisher/install/local_setup.sh'
[14.644s] INFO:colcon.colcon_core.shell:Creating prefix util module '/home/petersamaan/ESP32/first_example/micro_ros_espidf_component/examples/local_publisher/install/_local_setup_util_sh.py'
[14.646s] INFO:colcon.colcon_core.shell:Creating prefix chain script '/home/petersamaan/ESP32/first_example/micro_ros_espidf_component/examples/local_publisher/install/setup.sh'
[14.649s] INFO:colcon.colcon_core.shell:Creating prefix script '/home/petersamaan/ESP32/first_example/micro_ros_espidf_component/examples/local_publisher/install/local_setup.bash'
[14.651s] INFO:colcon.colcon_core.shell:Creating prefix chain script '/home/petersamaan/ESP32/first_example/micro_ros_espidf_component/examples/local_publisher/install/setup.bash'
[14.653s] INFO:colcon.colcon_core.shell:Creating prefix script '/home/petersamaan/ESP32/first_example/micro_ros_espidf_component/examples/local_publisher/install/local_setup.zsh'
[14.654s] INFO:colcon.colcon_core.shell:Creating prefix chain script '/home/petersamaan/ESP32/first_example/micro_ros_espidf_component/examples/local_publisher/install/setup.zsh'
