[35m[1mConsolidate compiler generated dependencies of target local_publisher[0m
[ 50%] [32mBuilding CXX object CMakeFiles/local_publisher.dir/src/local_publisher.cpp.o[0m
[100%] [32m[1mLinking CXX executable local_publisher[0m
[100%] Built target local_publisher
-- Install configuration: ""
-- Installing: /home/petersamaan/ESP32/first_example/micro_ros_espidf_component/examples/local_publisher/install/local_publisher/lib/local_publisher/local_publisher
-- Set runtime path of "/home/petersamaan/ESP32/first_example/micro_ros_espidf_component/examples/local_publisher/install/local_publisher/lib/local_publisher/local_publisher" to ""
-- Up-to-date: /home/petersamaan/ESP32/first_example/micro_ros_espidf_component/examples/local_publisher/install/local_publisher/share/ament_index/resource_index/package_run_dependencies/local_publisher
-- Up-to-date: /home/petersamaan/ESP32/first_example/micro_ros_espidf_component/examples/local_publisher/install/local_publisher/share/ament_index/resource_index/parent_prefix_path/local_publisher
-- Up-to-date: /home/petersamaan/ESP32/first_example/micro_ros_espidf_component/examples/local_publisher/install/local_publisher/share/local_publisher/environment/ament_prefix_path.sh
-- Up-to-date: /home/petersamaan/ESP32/first_example/micro_ros_espidf_component/examples/local_publisher/install/local_publisher/share/local_publisher/environment/ament_prefix_path.dsv
-- Up-to-date: /home/petersamaan/ESP32/first_example/micro_ros_espidf_component/examples/local_publisher/install/local_publisher/share/local_publisher/environment/path.sh
-- Up-to-date: /home/petersamaan/ESP32/first_example/micro_ros_espidf_component/examples/local_publisher/install/local_publisher/share/local_publisher/environment/path.dsv
-- Up-to-date: /home/petersamaan/ESP32/first_example/micro_ros_espidf_component/examples/local_publisher/install/local_publisher/share/local_publisher/local_setup.bash
-- Up-to-date: /home/petersamaan/ESP32/first_example/micro_ros_espidf_component/examples/local_publisher/install/local_publisher/share/local_publisher/local_setup.sh
-- Up-to-date: /home/petersamaan/ESP32/first_example/micro_ros_espidf_component/examples/local_publisher/install/local_publisher/share/local_publisher/local_setup.zsh
-- Up-to-date: /home/petersamaan/ESP32/first_example/micro_ros_espidf_component/examples/local_publisher/install/local_publisher/share/local_publisher/local_setup.dsv
-- Installing: /home/petersamaan/ESP32/first_example/micro_ros_espidf_component/examples/local_publisher/install/local_publisher/share/local_publisher/package.dsv
-- Up-to-date: /home/petersamaan/ESP32/first_example/micro_ros_espidf_component/examples/local_publisher/install/local_publisher/share/ament_index/resource_index/packages/local_publisher
-- Up-to-date: /home/petersamaan/ESP32/first_example/micro_ros_espidf_component/examples/local_publisher/install/local_publisher/share/local_publisher/cmake/local_publisherConfig.cmake
-- Up-to-date: /home/petersamaan/ESP32/first_example/micro_ros_espidf_component/examples/local_publisher/install/local_publisher/share/local_publisher/cmake/local_publisherConfig-version.cmake
-- Up-to-date: /home/petersamaan/ESP32/first_example/micro_ros_espidf_component/examples/local_publisher/install/local_publisher/share/local_publisher/package.xml
