[0.032s] Invoking command in '/home/petersamaan/ESP32/first_example/micro_ros_espidf_component/examples/local_publisher/build/local_publisher': CMAKE_PREFIX_PATH=${CMAKE_PREFIX_PATH}:/opt/ros/humble /usr/bin/cmake --build /home/petersamaan/ESP32/first_example/micro_ros_espidf_component/examples/local_publisher/build/local_publisher -- -j4 -l4
[0.146s] [35m[1mConsolidate compiler generated dependencies of target local_publisher[0m
[0.191s] [ 50%] [32mBuilding CXX object CMakeFiles/local_publisher.dir/src/local_publisher.cpp.o[0m
[10.641s] [100%] [32m[1mLinking CXX executable local_publisher[0m
[11.004s] [100%] Built target local_publisher
[11.030s] Invoked command in '/home/petersamaan/ESP32/first_example/micro_ros_espidf_component/examples/local_publisher/build/local_publisher' returned '0': CMAKE_PREFIX_PATH=${CMAKE_PREFIX_PATH}:/opt/ros/humble /usr/bin/cmake --build /home/petersamaan/ESP32/first_example/micro_ros_espidf_component/examples/local_publisher/build/local_publisher -- -j4 -l4
[11.101s] Invoking command in '/home/petersamaan/ESP32/first_example/micro_ros_espidf_component/examples/local_publisher/build/local_publisher': CMAKE_PREFIX_PATH=${CMAKE_PREFIX_PATH}:/opt/ros/humble /usr/bin/cmake --install /home/petersamaan/ESP32/first_example/micro_ros_espidf_component/examples/local_publisher/build/local_publisher
[11.116s] -- Install configuration: ""
[11.117s] -- Installing: /home/petersamaan/ESP32/first_example/micro_ros_espidf_component/examples/local_publisher/install/local_publisher/lib/local_publisher/local_publisher
[11.120s] -- Set runtime path of "/home/petersamaan/ESP32/first_example/micro_ros_espidf_component/examples/local_publisher/install/local_publisher/lib/local_publisher/local_publisher" to ""
[11.121s] -- Up-to-date: /home/petersamaan/ESP32/first_example/micro_ros_espidf_component/examples/local_publisher/install/local_publisher/share/ament_index/resource_index/package_run_dependencies/local_publisher
[11.121s] -- Up-to-date: /home/petersamaan/ESP32/first_example/micro_ros_espidf_component/examples/local_publisher/install/local_publisher/share/ament_index/resource_index/parent_prefix_path/local_publisher
[11.122s] -- Up-to-date: /home/petersamaan/ESP32/first_example/micro_ros_espidf_component/examples/local_publisher/install/local_publisher/share/local_publisher/environment/ament_prefix_path.sh
[11.122s] -- Up-to-date: /home/petersamaan/ESP32/first_example/micro_ros_espidf_component/examples/local_publisher/install/local_publisher/share/local_publisher/environment/ament_prefix_path.dsv
[11.122s] -- Up-to-date: /home/petersamaan/ESP32/first_example/micro_ros_espidf_component/examples/local_publisher/install/local_publisher/share/local_publisher/environment/path.sh
[11.122s] -- Up-to-date: /home/petersamaan/ESP32/first_example/micro_ros_espidf_component/examples/local_publisher/install/local_publisher/share/local_publisher/environment/path.dsv
[11.123s] -- Up-to-date: /home/petersamaan/ESP32/first_example/micro_ros_espidf_component/examples/local_publisher/install/local_publisher/share/local_publisher/local_setup.bash
[11.123s] -- Up-to-date: /home/petersamaan/ESP32/first_example/micro_ros_espidf_component/examples/local_publisher/install/local_publisher/share/local_publisher/local_setup.sh
[11.123s] -- Up-to-date: /home/petersamaan/ESP32/first_example/micro_ros_espidf_component/examples/local_publisher/install/local_publisher/share/local_publisher/local_setup.zsh
[11.123s] -- Up-to-date: /home/petersamaan/ESP32/first_example/micro_ros_espidf_component/examples/local_publisher/install/local_publisher/share/local_publisher/local_setup.dsv
[11.123s] -- Installing: /home/petersamaan/ESP32/first_example/micro_ros_espidf_component/examples/local_publisher/install/local_publisher/share/local_publisher/package.dsv
[11.123s] -- Up-to-date: /home/petersamaan/ESP32/first_example/micro_ros_espidf_component/examples/local_publisher/install/local_publisher/share/ament_index/resource_index/packages/local_publisher
[11.124s] -- Up-to-date: /home/petersamaan/ESP32/first_example/micro_ros_espidf_component/examples/local_publisher/install/local_publisher/share/local_publisher/cmake/local_publisherConfig.cmake
[11.124s] -- Up-to-date: /home/petersamaan/ESP32/first_example/micro_ros_espidf_component/examples/local_publisher/install/local_publisher/share/local_publisher/cmake/local_publisherConfig-version.cmake
[11.124s] -- Up-to-date: /home/petersamaan/ESP32/first_example/micro_ros_espidf_component/examples/local_publisher/install/local_publisher/share/local_publisher/package.xml
[11.126s] Invoked command in '/home/petersamaan/ESP32/first_example/micro_ros_espidf_component/examples/local_publisher/build/local_publisher' returned '0': CMAKE_PREFIX_PATH=${CMAKE_PREFIX_PATH}:/opt/ros/humble /usr/bin/cmake --install /home/petersamaan/ESP32/first_example/micro_ros_espidf_component/examples/local_publisher/build/local_publisher
